Compiling the C compiler identification source file "CMakeCCompilerId.c" failed.
Compiler: /usr/local/eosio.cdt/bin/eosio-cc 
Build flags: ;-O3;
Id flags:  

The output was:
255
/usr/local/eosio.cdt/bin/wasm-ld: error: cannot open /tmp/CMakeCCompilerId.c.o: No such file or directory


Compiling the CXX compiler identification source file "CMakeCXXCompilerId.cpp" failed.
Compiler: /usr/local/eosio.cdt/bin/eosio-cpp 
Build flags: ;-O3;
Id flags:  

The output was:
255
/usr/local/eosio.cdt/bin/wasm-ld: error: duplicate symbol: main(int, char**)
>>> defined in /tmp/CMakeCXXCompilerId.cpp.o
>>> defined in /tmp/CMakeCXXCompilerId.cpp.o

/usr/local/eosio.cdt/bin/wasm-ld: error: duplicate symbol: info_platform
>>> defined in /tmp/CMakeCXXCompilerId.cpp.o
>>> defined in /tmp/CMakeCXXCompilerId.cpp.o

/usr/local/eosio.cdt/bin/wasm-ld: error: duplicate symbol: info_compiler
>>> defined in /tmp/CMakeCXXCompilerId.cpp.o
>>> defined in /tmp/CMakeCXXCompilerId.cpp.o

/usr/local/eosio.cdt/bin/wasm-ld: error: duplicate symbol: info_language_dialect_default
>>> defined in /tmp/CMakeCXXCompilerId.cpp.o
>>> defined in /tmp/CMakeCXXCompilerId.cpp.o

/usr/local/eosio.cdt/bin/wasm-ld: error: duplicate symbol: info_arch
>>> defined in /tmp/CMakeCXXCompilerId.cpp.o
>>> defined in /tmp/CMakeCXXCompilerId.cpp.o


Detecting C compiler ABI info failed to compile with the following output:
Change Dir: /wax/donaciones/build/donaciones/CMakeFiles/CMakeTmp

Run Build Command:"/usr/bin/make" "cmTC_1a523/fast"
make[3]: Entering directory '/wax/donaciones/build/donaciones/CMakeFiles/CMakeTmp'
make[3]: Warning: File 'Makefile' has modification time 0.67 s in the future
/usr/bin/make -f CMakeFiles/cmTC_1a523.dir/build.make CMakeFiles/cmTC_1a523.dir/build
make[4]: Entering directory '/wax/donaciones/build/donaciones/CMakeFiles/CMakeTmp'
make[4]: Warning: File 'CMakeFiles/cmTC_1a523.dir/flags.make' has modification time 0.59 s in the future
Building C object CMakeFiles/cmTC_1a523.dir/CMakeCCompilerABI.c.obj
/usr/local/eosio.cdt/bin/eosio-cc    -o CMakeFiles/cmTC_1a523.dir/CMakeCCompilerABI.c.obj   -c /usr/share/cmake-3.10/Modules/CMakeCCompilerABI.c
Linking C executable cmTC_1a523.wasm
/usr/bin/cmake -E cmake_link_script CMakeFiles/cmTC_1a523.dir/link.txt --verbose=1
/usr/local/eosio.cdt/bin/eosio-ld  -v CMakeFiles/cmTC_1a523.dir/CMakeCCompilerABI.c.obj -o cmTC_1a523.wasm 
eosio-ld: Unknown command line argument '-v'.  Try: '/usr/local/eosio.cdt/bin/eosio-ld -help'
eosio-ld: Did you mean '-L'?
CMakeFiles/cmTC_1a523.dir/build.make:97: recipe for target 'cmTC_1a523.wasm' failed
make[4]: *** [cmTC_1a523.wasm] Error 1
make[4]: Leaving directory '/wax/donaciones/build/donaciones/CMakeFiles/CMakeTmp'
Makefile:126: recipe for target 'cmTC_1a523/fast' failed
make[3]: *** [cmTC_1a523/fast] Error 2
make[3]: Leaving directory '/wax/donaciones/build/donaciones/CMakeFiles/CMakeTmp'



Detecting C [-std=c11] compiler features failed to compile with the following output:
Change Dir: /wax/donaciones/build/donaciones/CMakeFiles/CMakeTmp

Run Build Command:"/usr/bin/make" "cmTC_0bfbf/fast"
make[3]: Entering directory '/wax/donaciones/build/donaciones/CMakeFiles/CMakeTmp'
make[3]: Warning: File 'Makefile' has modification time 0.72 s in the future
/usr/bin/make -f CMakeFiles/cmTC_0bfbf.dir/build.make CMakeFiles/cmTC_0bfbf.dir/build
make[4]: Entering directory '/wax/donaciones/build/donaciones/CMakeFiles/CMakeTmp'
make[4]: Warning: File 'CMakeFiles/cmTC_0bfbf.dir/flags.make' has modification time 0.66 s in the future
Building C object CMakeFiles/cmTC_0bfbf.dir/feature_tests.c.obj
/usr/local/eosio.cdt/bin/eosio-cc   -std=c11 -o CMakeFiles/cmTC_0bfbf.dir/feature_tests.c.obj   -c /wax/donaciones/build/donaciones/CMakeFiles/feature_tests.c
eosio-cc: Unknown command line argument '-std=c11'.  Try: '/usr/local/eosio.cdt/bin/eosio-cc -help'
eosio-cc: Did you mean '-w=c11'?
CMakeFiles/cmTC_0bfbf.dir/build.make:65: recipe for target 'CMakeFiles/cmTC_0bfbf.dir/feature_tests.c.obj' failed
make[4]: *** [CMakeFiles/cmTC_0bfbf.dir/feature_tests.c.obj] Error 1
make[4]: Leaving directory '/wax/donaciones/build/donaciones/CMakeFiles/CMakeTmp'
Makefile:126: recipe for target 'cmTC_0bfbf/fast' failed
make[3]: *** [cmTC_0bfbf/fast] Error 2
make[3]: Leaving directory '/wax/donaciones/build/donaciones/CMakeFiles/CMakeTmp'



Detecting CXX compiler ABI info failed to compile with the following output:
Change Dir: /wax/donaciones/build/donaciones/CMakeFiles/CMakeTmp

Run Build Command:"/usr/bin/make" "cmTC_166f7/fast"
make[3]: Entering directory '/wax/donaciones/build/donaciones/CMakeFiles/CMakeTmp'
make[3]: Warning: File 'Makefile' has modification time 0.7 s in the future
/usr/bin/make -f CMakeFiles/cmTC_166f7.dir/build.make CMakeFiles/cmTC_166f7.dir/build
make[4]: Entering directory '/wax/donaciones/build/donaciones/CMakeFiles/CMakeTmp'
make[4]: Warning: File 'CMakeFiles/cmTC_166f7.dir/flags.make' has modification time 0.62 s in the future
Building CXX object CMakeFiles/cmTC_166f7.dir/CMakeCXXCompilerABI.cpp.obj
/usr/local/eosio.cdt/bin/eosio-cpp     -o CMakeFiles/cmTC_166f7.dir/CMakeCXXCompilerABI.cpp.obj -c /usr/share/cmake-3.10/Modules/CMakeCXXCompilerABI.cpp
Linking CXX executable cmTC_166f7.wasm
/usr/bin/cmake -E cmake_link_script CMakeFiles/cmTC_166f7.dir/link.txt --verbose=1
/usr/local/eosio.cdt/bin/eosio-ld  -v CMakeFiles/cmTC_166f7.dir/CMakeCXXCompilerABI.cpp.obj -o cmTC_166f7.wasm 
eosio-ld: Unknown command line argument '-v'.  Try: '/usr/local/eosio.cdt/bin/eosio-ld -help'
eosio-ld: Did you mean '-L'?
CMakeFiles/cmTC_166f7.dir/build.make:97: recipe for target 'cmTC_166f7.wasm' failed
make[4]: *** [cmTC_166f7.wasm] Error 1
make[4]: Leaving directory '/wax/donaciones/build/donaciones/CMakeFiles/CMakeTmp'
Makefile:126: recipe for target 'cmTC_166f7/fast' failed
make[3]: *** [cmTC_166f7/fast] Error 2
make[3]: Leaving directory '/wax/donaciones/build/donaciones/CMakeFiles/CMakeTmp'



Detecting CXX [-std=c++1z] compiler features failed to compile with the following output:
Change Dir: /wax/donaciones/build/donaciones/CMakeFiles/CMakeTmp

Run Build Command:"/usr/bin/make" "cmTC_e7778/fast"
make[3]: Entering directory '/wax/donaciones/build/donaciones/CMakeFiles/CMakeTmp'
make[3]: Warning: File 'Makefile' has modification time 0.67 s in the future
/usr/bin/make -f CMakeFiles/cmTC_e7778.dir/build.make CMakeFiles/cmTC_e7778.dir/build
make[4]: Entering directory '/wax/donaciones/build/donaciones/CMakeFiles/CMakeTmp'
make[4]: Warning: File 'CMakeFiles/cmTC_e7778.dir/flags.make' has modification time 0.58 s in the future
Building CXX object CMakeFiles/cmTC_e7778.dir/feature_tests.cxx.obj
/usr/local/eosio.cdt/bin/eosio-cpp    -std=c++1z -o CMakeFiles/cmTC_e7778.dir/feature_tests.cxx.obj -c /wax/donaciones/build/donaciones/CMakeFiles/feature_tests.cxx
Linking CXX executable cmTC_e7778.wasm
/usr/bin/cmake -E cmake_link_script CMakeFiles/cmTC_e7778.dir/link.txt --verbose=1
/usr/local/eosio.cdt/bin/eosio-ld   CMakeFiles/cmTC_e7778.dir/feature_tests.cxx.obj -o cmTC_e7778.wasm 
/usr/local/eosio.cdt/bin/wasm-ld: error: fatal failure: contract with no actions and trying to create dispatcher
CMakeFiles/cmTC_e7778.dir/build.make:97: recipe for target 'cmTC_e7778.wasm' failed
make[4]: *** [cmTC_e7778.wasm] Error 255
make[4]: Leaving directory '/wax/donaciones/build/donaciones/CMakeFiles/CMakeTmp'
Makefile:126: recipe for target 'cmTC_e7778/fast' failed
make[3]: *** [cmTC_e7778/fast] Error 2
make[3]: Leaving directory '/wax/donaciones/build/donaciones/CMakeFiles/CMakeTmp'



